<html>
<head>
<title>TestNG:  Default test</title>
<link href="../testng.css" rel="stylesheet" type="text/css" />
<link href="../my-testng.css" rel="stylesheet" type="text/css" />

<style type="text/css">
.log { display: none;} 
.stack-trace { display: none;} 
</style>
<script type="text/javascript">
<!--
function flip(e) {
  current = e.style.display;
  if (current == 'block') {
    e.style.display = 'none';
    return 0;
  }
  else {
    e.style.display = 'block';
    return 1;
  }
}

function toggleBox(szDivId, elem, msg1, msg2)
{
  var res = -1;  if (document.getElementById) {
    res = flip(document.getElementById(szDivId));
  }
  else if (document.all) {
    // this is the way old msie versions work
    res = flip(document.all[szDivId]);
  }
  if(elem) {
    if(res == 0) elem.innerHTML = msg1; else elem.innerHTML = msg2;
  }

}

function toggleAllBoxes() {
  if (document.getElementsByTagName) {
    d = document.getElementsByTagName('div');
    for (i = 0; i < d.length; i++) {
      if (d[i].className == 'log') {
        flip(d[i]);
      }
    }
  }
}

// -->
</script>

</head>
<body>
<h2 align='center'>Default test</h2><table border='1' align="center">
<tr>
<td>Tests passed/Failed/Skipped:</td><td>3/1/0</td>
</tr><tr>
<td>Started on:</td><td>Fri Apr 22 14:13:23 IST 2022</td>
</tr>
<tr><td>Total time:</td><td>77 seconds (77415 ms)</td>
</tr><tr>
<td>Included groups:</td><td></td>
</tr><tr>
<td>Excluded groups:</td><td></td>
</tr>
</table><p/>
<small><i>(Hover the method name to see the test class name)</i></small><p/>
<table width='100%' border='1' class='invocation-failed'>
<tr><td colspan='4' align='center'><b>FAILED TESTS</b></td></tr>
<tr><td><b>Test method</b></td>
<td width="30%"><b>Exception</b></td>
<td width="10%"><b>Time (seconds)</b></td>
<td><b>Instance</b></td>
</tr>
<tr>
<td title='CucumberOptions.TestNGTestRunner.runScenario()'><b>runScenario</b><br>Test class: CucumberOptions.TestNGTestRunner<br>Test method: Runs Cucumber Scenarios<br>Parameters: "Search experience for product in both Home and Offers page", "Optional[Search and Place the order for Products]"</td>
<td><div><pre>java.lang.AssertionError: expected [Beetroot] but found [No data]
	at org.testng.Assert.fail(Assert.java:99)
	at org.testng.Assert.failNotEquals(Assert.java:1037)
	at org.testng.Assert.assertEqualsImpl(Assert.java:140)
	at org.testng.Assert.assertEquals(Assert.java:122)
	at org.testng.Assert.assertEquals(Assert.java:629)
	at org.testng.Assert.assertEquals(Assert.java:639)
	at stepdefinitions.OfferpageStepDefinition.validate_productname_in_offerspage_matches_with_landingpage(OfferpageStepDefinition.java:50)
	at ?.validate productname in offerspage matches with landingpage(file:///F:/Selenium_Practice/POMCucumberDatadrivenExtent/src/test/java/features/searchProduct.feature:8)
</pre></div><a href='#' onClick='toggleBox("stack-trace1849315002", this, "Click to show all stack frames", "Click to hide stack frames")'>Click to show all stack frames</a>
<div class='stack-trace' id='stack-trace1849315002'><pre>java.lang.AssertionError: expected [Beetroot] but found [No data]
	at org.testng.Assert.fail(Assert.java:99)
	at org.testng.Assert.failNotEquals(Assert.java:1037)
	at org.testng.Assert.assertEqualsImpl(Assert.java:140)
	at org.testng.Assert.assertEquals(Assert.java:122)
	at org.testng.Assert.assertEquals(Assert.java:629)
	at org.testng.Assert.assertEquals(Assert.java:639)
	at stepdefinitions.OfferpageStepDefinition.validate_productname_in_offerspage_matches_with_landingpage(OfferpageStepDefinition.java:50)
	at ?.validate productname in offerspage matches with landingpage(file:///F:/Selenium_Practice/POMCucumberDatadrivenExtent/src/test/java/features/searchProduct.feature:8)
</pre></div></td>
<td>73</td>
<td>CucumberOptions.TestNGTestRunner@5c6648b0</td></tr>
</table><p>
<table width='100%' border='1' class='invocation-passed'>
<tr><td colspan='4' align='center'><b>PASSED TESTS</b></td></tr>
<tr><td><b>Test method</b></td>
<td width="30%"><b>Exception</b></td>
<td width="10%"><b>Time (seconds)</b></td>
<td><b>Instance</b></td>
</tr>
<tr>
<td title='CucumberOptions.TestNGTestRunner.runScenario()'><b>runScenario</b><br>Test class: CucumberOptions.TestNGTestRunner<br>Test method: Runs Cucumber Scenarios<br>Parameters: "Search experience for product in both Home and Offers page", "Optional[Place the order for products]"</td>
<td></td>
<td>71</td>
<td>CucumberOptions.TestNGTestRunner@5c6648b0</td></tr>
<tr>
<td title='CucumberOptions.TestNGTestRunner.runScenario()'><b>runScenario</b><br>Test class: CucumberOptions.TestNGTestRunner<br>Test method: Runs Cucumber Scenarios<br>Parameters: "Search experience for product in both Home and Offers page", "Optional[Search and Place the order for Products]"</td>
<td></td>
<td>73</td>
<td>CucumberOptions.TestNGTestRunner@5c6648b0</td></tr>
<tr>
<td title='CucumberOptions.TestNGTestRunner.runScenario()'><b>runScenario</b><br>Test class: CucumberOptions.TestNGTestRunner<br>Test method: Runs Cucumber Scenarios<br>Parameters: "Search experience for product in both Home and Offers page", "Optional[Place the order for products]"</td>
<td></td>
<td>71</td>
<td>CucumberOptions.TestNGTestRunner@5c6648b0</td></tr>
</table><p>
</body>
</html>