<?xml version="1.0" encoding="UTF-8"?>
<!-- Generated by org.testng.reporters.JUnitReportReporter -->
<testsuite hostname="SrinivasSandaveni" failures="1" tests="4" name="CucumberOptions.TestNGTestRunner" time="289.568" errors="0" timestamp="2022-04-22T14:14:40 IST" skipped="0">
  <testcase classname="CucumberOptions.TestNGTestRunner" name="runScenario" time="73.138">
    <failure message="expected [Beetroot] but found [No data]" type="java.lang.AssertionError">
      <![CDATA[java.lang.AssertionError: expected [Beetroot] but found [No data]
at org.testng.Assert.fail(Assert.java:99)
at org.testng.Assert.failNotEquals(Assert.java:1037)
at org.testng.Assert.assertEqualsImpl(Assert.java:140)
at org.testng.Assert.assertEquals(Assert.java:122)
at org.testng.Assert.assertEquals(Assert.java:629)
at org.testng.Assert.assertEquals(Assert.java:639)
at stepdefinitions.OfferpageStepDefinition.validate_productname_in_offerspage_matches_with_landingpage(OfferpageStepDefinition.java:50)
at âœ½.validate productname in offerspage matches with landingpage(file:///F:/Selenium_Practice/POMCucumberDatadrivenExtent/src/test/java/features/searchProduct.feature:8)
]]>
    </failure>
  </testcase> <!-- runScenario -->
  <system-out/>
  <testcase classname="CucumberOptions.TestNGTestRunner" name="runScenario" time="71.978"/>
  <system-out/>
  <testcase classname="CucumberOptions.TestNGTestRunner" name="runScenario" time="73.119"/>
  <system-out/>
  <testcase classname="CucumberOptions.TestNGTestRunner" name="runScenario" time="71.333"/>
  <system-out/>
</testsuite> <!-- CucumberOptions.TestNGTestRunner -->
